C:\Program Files (x86)\Microsoft Visual Studio\2017\Enterprise\Common7\IDE\VC\VCTargets\Microsoft.CppBuild.targets(377,5): warning MSB8004: Output Directory does not end with a trailing slash.  This build instance will add the slash as it is required to allow proper evaluation of the Output Directory.
  Camera.cpp
  Resource.cpp
  Display.cpp
c:\users\admin\documents\github\space-engine\files\src\display\display.cpp(129): warning C4305: 'argument': truncation from 'double' to 'GLclampf'
c:\users\admin\documents\github\space-engine\files\src\display\display.cpp(205): warning C4244: 'argument': conversion from 'double' to 'GLint', possible loss of data
  Entity.cpp
c:\users\admin\documents\github\space-engine\files\src\entity\entity.cpp(178): warning C4305: 'argument': truncation from 'double' to 'float'
  Planet.cpp
c:\users\admin\documents\github\space-engine\files\src\entity\planet.cpp(13): warning C4244: 'initializing': conversion from 'float' to 'int', possible loss of data
c:\users\admin\documents\github\space-engine\files\src\entity\planet.cpp(14): warning C4244: '+=': conversion from 'double' to 'float', possible loss of data
c:\users\admin\documents\github\space-engine\files\src\entity\planet.cpp(18): warning C4018: '<': signed/unsigned mismatch
c:\users\admin\documents\github\space-engine\files\src\entity\planet.cpp(34): warning C4244: '=': conversion from 'double' to 'float', possible loss of data
c:\users\admin\documents\github\space-engine\files\src\entity\planet.cpp(42): warning C4018: '<': signed/unsigned mismatch
c:\users\admin\documents\github\space-engine\files\src\entity\planet.cpp(56): warning C4305: 'argument': truncation from 'double' to 'float'
c:\users\admin\documents\github\space-engine\files\src\entity\planet.cpp(106): warning C4244: '=': conversion from 'float' to 'int', possible loss of data
c:\users\admin\documents\github\space-engine\files\src\entity\planet.cpp(109): warning C4244: '=': conversion from 'float' to 'int', possible loss of data
  Ship.cpp
c:\users\admin\documents\github\space-engine\files\src\entity\ship.cpp(38): warning C4305: 'initializing': truncation from 'double' to 'float'
  Gui.cpp
c:\users\admin\documents\github\space-engine\files\src\gui\gui.cpp(41): warning C4244: '=': conversion from 'double' to 'float', possible loss of data
c:\users\admin\documents\github\space-engine\files\src\gui\gui.cpp(42): warning C4244: '=': conversion from 'double' to 'float', possible loss of data
  Text.cpp
  main.cpp
c:\users\admin\documents\github\space-engine\files\src\main.cpp(38): warning C4005: 'APIENTRY': macro redefinition
  c:\users\admin\documents\github\space-engine\files\common\includes\glfw\glfw3.h(98): note: see previous definition of 'APIENTRY'
c:\users\admin\documents\github\space-engine\files\src\main.cpp(101): warning C4244: 'argument': conversion from 'time_t' to 'unsigned int', possible loss of data
c:\users\admin\documents\github\space-engine\files\src\main.cpp(223): warning C4018: '<': signed/unsigned mismatch
c:\users\admin\documents\github\space-engine\files\src\main.cpp(243): warning C4018: '<': signed/unsigned mismatch
c:\users\admin\documents\github\space-engine\files\src\main.cpp(253): warning C4244: 'argument': conversion from 'double' to 'GLint', possible loss of data
c:\users\admin\documents\github\space-engine\files\src\main.cpp(269): warning C4018: '<': signed/unsigned mismatch
c:\users\admin\documents\github\space-engine\files\src\main.cpp(278): warning C4018: '<': signed/unsigned mismatch
c:\users\admin\documents\github\space-engine\files\src\main.cpp(377): warning C4244: '-=': conversion from 'double' to 'float', possible loss of data
  Mesh.cpp
c:\users\admin\documents\github\space-engine\files\src\model\mesh.cpp(192): warning C4018: '<': signed/unsigned mismatch
c:\users\admin\documents\github\space-engine\files\src\model\mesh.cpp(229): warning C4018: '<': signed/unsigned mismatch
c:\users\admin\documents\github\space-engine\files\src\model\mesh.cpp(239): warning C4018: '<': signed/unsigned mismatch
  Texture2D.cpp
  RendererEngine.cpp
  ShaderProgram.cpp
  SoundSystem.cpp
  Generating Code...
LINK : warning LNK4098: defaultlib 'LIBCMT' conflicts with use of other libs; use /NODEFAULTLIB:library
Text.obj : warning LNK4049: locally defined symbol ___glewBindBuffer imported
Mesh.obj : warning LNK4049: locally defined symbol ___glewBindBuffer imported
Text.obj : warning LNK4049: locally defined symbol ___glewBufferData imported
Mesh.obj : warning LNK4049: locally defined symbol ___glewBufferData imported
Text.obj : warning LNK4049: locally defined symbol ___glewDeleteBuffers imported
Mesh.obj : warning LNK4049: locally defined symbol ___glewDeleteBuffers imported
Text.obj : warning LNK4049: locally defined symbol ___glewGenBuffers imported
Mesh.obj : warning LNK4049: locally defined symbol ___glewGenBuffers imported
Text.obj : warning LNK4049: locally defined symbol ___glewDeleteProgram imported
ShaderProgram.obj : warning LNK4049: locally defined symbol ___glewDeleteProgram imported
Text.obj : warning LNK4049: locally defined symbol ___glewDisableVertexAttribArray imported
Text.obj : warning LNK4049: locally defined symbol ___glewEnableVertexAttribArray imported
Mesh.obj : warning LNK4049: locally defined symbol ___glewEnableVertexAttribArray imported
Text.obj : warning LNK4049: locally defined symbol ___glewVertexAttribPointer imported
Mesh.obj : warning LNK4049: locally defined symbol ___glewVertexAttribPointer imported
Mesh.obj : warning LNK4049: locally defined symbol ___glewBindVertexArray imported
Mesh.obj : warning LNK4049: locally defined symbol ___glewDeleteVertexArrays imported
Mesh.obj : warning LNK4049: locally defined symbol ___glewGenVertexArrays imported
Texture2D.obj : warning LNK4049: locally defined symbol ___glewActiveTexture imported
Texture2D.obj : warning LNK4049: locally defined symbol ___glewGenerateMipmap imported
ShaderProgram.obj : warning LNK4049: locally defined symbol ___glewAttachShader imported
ShaderProgram.obj : warning LNK4049: locally defined symbol ___glewCompileShader imported
ShaderProgram.obj : warning LNK4049: locally defined symbol ___glewCreateProgram imported
ShaderProgram.obj : warning LNK4049: locally defined symbol ___glewCreateShader imported
ShaderProgram.obj : warning LNK4049: locally defined symbol ___glewDeleteShader imported
ShaderProgram.obj : warning LNK4049: locally defined symbol ___glewGetProgramInfoLog imported
ShaderProgram.obj : warning LNK4049: locally defined symbol ___glewGetProgramiv imported
ShaderProgram.obj : warning LNK4049: locally defined symbol ___glewGetShaderInfoLog imported
ShaderProgram.obj : warning LNK4049: locally defined symbol ___glewGetShaderiv imported
ShaderProgram.obj : warning LNK4049: locally defined symbol ___glewGetUniformLocation imported
ShaderProgram.obj : warning LNK4049: locally defined symbol ___glewLinkProgram imported
ShaderProgram.obj : warning LNK4049: locally defined symbol ___glewShaderSource imported
ShaderProgram.obj : warning LNK4049: locally defined symbol ___glewUniform2f imported
ShaderProgram.obj : warning LNK4049: locally defined symbol ___glewUniform3f imported
ShaderProgram.obj : warning LNK4049: locally defined symbol ___glewUniform4f imported
ShaderProgram.obj : warning LNK4049: locally defined symbol ___glewUniformMatrix4fv imported
ShaderProgram.obj : warning LNK4049: locally defined symbol ___glewUseProgram imported
glfw3.lib(context.obj) : warning LNK4099: PDB 'glfw.pdb' was not found with 'glfw3.lib(context.obj)' or at 'C:\Users\Admin\Documents\GitHub\Space-Engine\files\bin\glfw.pdb'; linking object as if no debug info
glfw3.lib(init.obj) : warning LNK4099: PDB 'glfw.pdb' was not found with 'glfw3.lib(init.obj)' or at 'C:\Users\Admin\Documents\GitHub\Space-Engine\files\bin\glfw.pdb'; linking object as if no debug info
glfw3.lib(input.obj) : warning LNK4099: PDB 'glfw.pdb' was not found with 'glfw3.lib(input.obj)' or at 'C:\Users\Admin\Documents\GitHub\Space-Engine\files\bin\glfw.pdb'; linking object as if no debug info
glfw3.lib(monitor.obj) : warning LNK4099: PDB 'glfw.pdb' was not found with 'glfw3.lib(monitor.obj)' or at 'C:\Users\Admin\Documents\GitHub\Space-Engine\files\bin\glfw.pdb'; linking object as if no debug info
glfw3.lib(vulkan.obj) : warning LNK4099: PDB 'glfw.pdb' was not found with 'glfw3.lib(vulkan.obj)' or at 'C:\Users\Admin\Documents\GitHub\Space-Engine\files\bin\glfw.pdb'; linking object as if no debug info
glfw3.lib(window.obj) : warning LNK4099: PDB 'glfw.pdb' was not found with 'glfw3.lib(window.obj)' or at 'C:\Users\Admin\Documents\GitHub\Space-Engine\files\bin\glfw.pdb'; linking object as if no debug info
glfw3.lib(win32_init.obj) : warning LNK4099: PDB 'glfw.pdb' was not found with 'glfw3.lib(win32_init.obj)' or at 'C:\Users\Admin\Documents\GitHub\Space-Engine\files\bin\glfw.pdb'; linking object as if no debug info
glfw3.lib(win32_joystick.obj) : warning LNK4099: PDB 'glfw.pdb' was not found with 'glfw3.lib(win32_joystick.obj)' or at 'C:\Users\Admin\Documents\GitHub\Space-Engine\files\bin\glfw.pdb'; linking object as if no debug info
glfw3.lib(win32_monitor.obj) : warning LNK4099: PDB 'glfw.pdb' was not found with 'glfw3.lib(win32_monitor.obj)' or at 'C:\Users\Admin\Documents\GitHub\Space-Engine\files\bin\glfw.pdb'; linking object as if no debug info
glfw3.lib(win32_time.obj) : warning LNK4099: PDB 'glfw.pdb' was not found with 'glfw3.lib(win32_time.obj)' or at 'C:\Users\Admin\Documents\GitHub\Space-Engine\files\bin\glfw.pdb'; linking object as if no debug info
glfw3.lib(win32_tls.obj) : warning LNK4099: PDB 'glfw.pdb' was not found with 'glfw3.lib(win32_tls.obj)' or at 'C:\Users\Admin\Documents\GitHub\Space-Engine\files\bin\glfw.pdb'; linking object as if no debug info
glfw3.lib(win32_window.obj) : warning LNK4099: PDB 'glfw.pdb' was not found with 'glfw3.lib(win32_window.obj)' or at 'C:\Users\Admin\Documents\GitHub\Space-Engine\files\bin\glfw.pdb'; linking object as if no debug info
glfw3.lib(wgl_context.obj) : warning LNK4099: PDB 'glfw.pdb' was not found with 'glfw3.lib(wgl_context.obj)' or at 'C:\Users\Admin\Documents\GitHub\Space-Engine\files\bin\glfw.pdb'; linking object as if no debug info
glfw3.lib(egl_context.obj) : warning LNK4099: PDB 'glfw.pdb' was not found with 'glfw3.lib(egl_context.obj)' or at 'C:\Users\Admin\Documents\GitHub\Space-Engine\files\bin\glfw.pdb'; linking object as if no debug info
glew32s.lib(glew.obj) : warning LNK4099: PDB 'vc120.pdb' was not found with 'glew32s.lib(glew.obj)' or at 'C:\Users\Admin\Documents\GitHub\Space-Engine\files\bin\vc120.pdb'; linking object as if no debug info
  OpenglUdemy.vcxproj -> C:\Users\Admin\Documents\GitHub\Space-Engine\files\.\bin\spaceEngine.exe
